Wed May 25 19:18:32 NZST 2022 : Apache Derby 네트워크 서버 - 10.14.2.0 - (1828579)이(가) 시작되어 1527 포트에서 접속을 승인할 준비가 되었습니다.
Wed May 25 19:18:36 NZST 2022 Thread[DRDAConnThread_2,5,main] Cleanup action starting
java.sql.SQLException: 'studentDB' 데이터베이스를 찾을 수 없습니다.
	at org.apache.derby.impl.jdbc.SQLExceptionFactory.getSQLException(Unknown Source)
	at org.apache.derby.impl.jdbc.SQLExceptionFactory.getSQLException(Unknown Source)
	at org.apache.derby.impl.jdbc.Util.generateCsSQLException(Unknown Source)
	at org.apache.derby.impl.jdbc.Util.generateCsSQLException(Unknown Source)
	at org.apache.derby.impl.jdbc.EmbedConnection.newSQLException(Unknown Source)
	at org.apache.derby.impl.jdbc.EmbedConnection.handleDBNotFound(Unknown Source)
	at org.apache.derby.impl.jdbc.EmbedConnection.<init>(Unknown Source)
	at org.apache.derby.jdbc.InternalDriver$1.run(Unknown Source)
	at org.apache.derby.jdbc.InternalDriver$1.run(Unknown Source)
	at java.base/java.security.AccessController.doPrivileged(AccessController.java:569)
	at org.apache.derby.jdbc.InternalDriver.getNewEmbedConnection(Unknown Source)
	at org.apache.derby.jdbc.InternalDriver.connect(Unknown Source)
	at org.apache.derby.jdbc.InternalDriver.connect(Unknown Source)
	at org.apache.derby.jdbc.EmbeddedDriver.connect(Unknown Source)
	at org.apache.derby.impl.drda.Database.makeConnection(Unknown Source)
	at org.apache.derby.impl.drda.DRDAConnThread.getConnFromDatabaseName(Unknown Source)
	at org.apache.derby.impl.drda.DRDAConnThread.verifyUserIdPassword(Unknown Source)
	at org.apache.derby.impl.drda.DRDAConnThread.parseSECCHK(Unknown Source)
	at org.apache.derby.impl.drda.DRDAConnThread.parseDRDAConnection(Unknown Source)
	at org.apache.derby.impl.drda.DRDAConnThread.processCommands(Unknown Source)
	at org.apache.derby.impl.drda.DRDAConnThread.run(Unknown Source)
Caused by: ERROR XJ004: 'studentDB' 데이터베이스를 찾을 수 없습니다.
	at org.apache.derby.iapi.error.StandardException.newException(Unknown Source)
	at org.apache.derby.impl.jdbc.SQLExceptionFactory.wrapArgsForTransportAcrossDRDA(Unknown Source)
	... 21 more
============= begin nested exception, level (1) ===========
ERROR XJ004: 'studentDB' 데이터베이스를 찾을 수 없습니다.
	at org.apache.derby.iapi.error.StandardException.newException(Unknown Source)
	at org.apache.derby.impl.jdbc.SQLExceptionFactory.wrapArgsForTransportAcrossDRDA(Unknown Source)
	at org.apache.derby.impl.jdbc.SQLExceptionFactory.getSQLException(Unknown Source)
	at org.apache.derby.impl.jdbc.SQLExceptionFactory.getSQLException(Unknown Source)
	at org.apache.derby.impl.jdbc.Util.generateCsSQLException(Unknown Source)
	at org.apache.derby.impl.jdbc.Util.generateCsSQLException(Unknown Source)
	at org.apache.derby.impl.jdbc.EmbedConnection.newSQLException(Unknown Source)
	at org.apache.derby.impl.jdbc.EmbedConnection.handleDBNotFound(Unknown Source)
	at org.apache.derby.impl.jdbc.EmbedConnection.<init>(Unknown Source)
	at org.apache.derby.jdbc.InternalDriver$1.run(Unknown Source)
	at org.apache.derby.jdbc.InternalDriver$1.run(Unknown Source)
	at java.base/java.security.AccessController.doPrivileged(AccessController.java:569)
	at org.apache.derby.jdbc.InternalDriver.getNewEmbedConnection(Unknown Source)
	at org.apache.derby.jdbc.InternalDriver.connect(Unknown Source)
	at org.apache.derby.jdbc.InternalDriver.connect(Unknown Source)
	at org.apache.derby.jdbc.EmbeddedDriver.connect(Unknown Source)
	at org.apache.derby.impl.drda.Database.makeConnection(Unknown Source)
	at org.apache.derby.impl.drda.DRDAConnThread.getConnFromDatabaseName(Unknown Source)
	at org.apache.derby.impl.drda.DRDAConnThread.verifyUserIdPassword(Unknown Source)
	at org.apache.derby.impl.drda.DRDAConnThread.parseSECCHK(Unknown Source)
	at org.apache.derby.impl.drda.DRDAConnThread.parseDRDAConnection(Unknown Source)
	at org.apache.derby.impl.drda.DRDAConnThread.processCommands(Unknown Source)
	at org.apache.derby.impl.drda.DRDAConnThread.run(Unknown Source)
============= end nested exception, level (1) ===========
Cleanup action completed
Wed May 25 19:18:36 NZST 2022 Thread[DRDAConnThread_2,5,main] (DATABASE = studentDB), (DRDAID = {1}), 'studentDB' 데이터베이스를 찾을 수 없습니다.
----------------------------------------------------------------
Wed May 25 19:18:50 NZST 2022:
 클래스 로더 jdk.internal.loader.ClassLoaders$AppClassLoader@70dea4e이(가) 있는 데이터베이스 디렉토리 C:\Users\harri\OneDrive\바탕 화면\p70_20111406\db-derby-10.14.2.0-bin\Millionare에서 
 Derby 버전 The Apache Software Foundation - Apache Derby - 10.14.2.0 - (1828579): 인스턴스 a816c00e-0180-fa14-d942-000067b0e7ed 부팅 중 
file:/C:/Users/harri/OneDrive/%eb%b0%94%ed%83%95%20%ed%99%94%eb%a9%b4/p70_20111406/db-derby-10.14.2.0-bin/lib/derby.jar에서 로드됨
java.vendor=Oracle Corporation
java.runtime.version=17.0.2+8-LTS-86
user.dir=C:\Users\harri\OneDrive\바탕 화면\P70_20111406\db-derby-10.14.2.0-bin
os.name=Windows 11
os.arch=amd64
os.version=10.0
derby.system.home=C:\Users\harri\OneDrive\바탕 화면\P70_20111406\db-derby-10.14.2.0-bin
데이터베이스 클래스 로더가 시작됨 - derby.database.classpath=''
----------------------------------------------------------------
Wed May 25 19:23:29 NZST 2022:
 클래스 로더 jdk.internal.loader.ClassLoaders$AppClassLoader@70dea4e이(가) 있는 데이터베이스 디렉토리 C:\Users\harri\OneDrive\바탕 화면\p70_20111406\db-derby-10.14.2.0-bin\BookStoreDB에서 
 Derby 버전 The Apache Software Foundation - Apache Derby - 10.14.2.0 - (1828579): 인스턴스 601a400f-0180-fa14-d942-000067b0e7ed 부팅 중 
file:/C:/Users/harri/OneDrive/%eb%b0%94%ed%83%95%20%ed%99%94%eb%a9%b4/p70_20111406/db-derby-10.14.2.0-bin/lib/derby.jar에서 로드됨
java.vendor=Oracle Corporation
java.runtime.version=17.0.2+8-LTS-86
user.dir=C:\Users\harri\OneDrive\바탕 화면\P70_20111406\db-derby-10.14.2.0-bin
os.name=Windows 11
os.arch=amd64
os.version=10.0
derby.system.home=C:\Users\harri\OneDrive\바탕 화면\P70_20111406\db-derby-10.14.2.0-bin
데이터베이스 클래스 로더가 시작됨 - derby.database.classpath=''
----------------------------------------------------------------
Wed May 25 23:01:04 NZST 2022: Derby 엔진 종료
----------------------------------------------------------------
Wed May 25 23:01:04 NZST 2022:
클래스 로더 jdk.internal.loader.ClassLoaders$AppClassLoader@70dea4e이(가) 있는 데이터베이스 디렉토리 C:\Users\harri\OneDrive\바탕 화면\p70_20111406\db-derby-10.14.2.0-bin\BookStoreDB의 인스턴스 601a400f-0180-fa14-d942-000067b0e7ed 종료 
----------------------------------------------------------------
Wed May 25 23:01:04 NZST 2022:
클래스 로더 jdk.internal.loader.ClassLoaders$AppClassLoader@70dea4e이(가) 있는 데이터베이스 디렉토리 C:\Users\harri\OneDrive\바탕 화면\p70_20111406\db-derby-10.14.2.0-bin\Millionare의 인스턴스 a816c00e-0180-fa14-d942-000067b0e7ed 종료 
----------------------------------------------------------------
